任务一：
3.智能构建表达式  完成
4.智能构建查询条件的判断  完成
5.合并查询条件形成如Expression.BuildBy(BaseTag condition, params BaseLambda[] lambdas);
5.Word导出。
D:\MyGitHub\HandyWeb\HandyWork.Common\ExternLibs\OpenXml\WordUtility.cs
7.PDF导出。
7.报表。
8.权限根据业务进行大类分组。
9.AOP拦截器。
10.Web聊天。
11.将GetExpression函数从UIBusiness层转移到DAL层中。
12.耗费时间的查询应当支持异步查询。
13.未来必然是大数据时代，数据分析，报表必然前途无量。
14.DbFirst->CodeFirst
12.提供api->FindAllByQuery
13.对api(GetPageByQuery)进行限制，每页数据应当最大默认50的限制。当然各个Query可以修改该设置。
原因为GetPageByQuery是由页面提供的查询应当做好限制。

BUG.
D:\MyGitHub\HandyWeb\HandyWork.Common\Helper\EnumHelper.cs,LookupResource方法。
本地资源文件中的CultureInfo应该获取当前线程中的CultureInfo


